19:01:36.062 [MainThread] INFO    thonny: Thonny version: 4.1.7
19:01:36.062 [MainThread] INFO    thonny: cwd: C:\Users\Alexandria Myers\Documents\GitHub\PyBrowse\thonny\user_data\leave_this_empty
19:01:36.062 [MainThread] INFO    thonny: original argv: ['C:\\Users\\Alexandria Myers\\Documents\\GitHub\\PyBrowse\\thonny\\python.exe', '-u', '-B', 'C:\\Users\\Alexandria Myers\\Documents\\GitHub\\PyBrowse\\thonny\\lib\\site-packages\\thonny\\plugins\\cpython_backend\\cp_launcher.py', 'C:\\Users\\Alexandria Myers\\Documents', "{'run.warn_module_shadowing': True}"]
19:01:36.062 [MainThread] INFO    thonny: sys.executable: C:\Users\Alexandria Myers\Documents\GitHub\PyBrowse\thonny\python.exe
19:01:36.062 [MainThread] INFO    thonny: sys.argv: ['C:\\Users\\Alexandria Myers\\Documents\\GitHub\\PyBrowse\\thonny\\lib\\site-packages\\thonny\\plugins\\cpython_backend\\cp_launcher.py', 'C:\\Users\\Alexandria Myers\\Documents', "{'run.warn_module_shadowing': True}"]
19:01:36.062 [MainThread] INFO    thonny: sys.path: ['C:\\Users\\Alexandria Myers\\Documents\\GitHub\\PyBrowse\\thonny\\lib\\site-packages\\thonny\\plugins\\cpython_backend', 'C:\\Users\\Alexandria Myers\\Documents\\GitHub\\PyBrowse\\thonny\\python310.zip', 'C:\\Users\\Alexandria Myers\\Documents\\GitHub\\PyBrowse\\thonny\\DLLs', 'C:\\Users\\Alexandria Myers\\Documents\\GitHub\\PyBrowse\\thonny\\lib', 'C:\\Users\\Alexandria Myers\\Documents\\GitHub\\PyBrowse\\thonny', 'C:\\Users\\Alexandria Myers\\Documents\\GitHub\\PyBrowse\\thonny\\lib\\site-packages']
19:01:36.063 [MainThread] INFO    thonny: sys.flags: sys.flags(debug=0, inspect=0, interactive=0, optimize=0, dont_write_bytecode=1, no_user_site=0, no_site=0, ignore_environment=0, verbose=0, bytes_warning=0, quiet=0, hash_randomization=1, isolated=0, dev_mode=False, utf8_mode=0, warn_default_encoding=0, int_max_str_digits=-1)
19:01:36.063 [MainThread] INFO    thonny: TIME/MODS 0.008 Before constructing backend (+21 modules)
19:01:36.063 [MainThread] INFO    thonny: NEW MODS ['_heapq', '_queue', 'encodings.ascii', 'errno', 'faulthandler', 'fnmatch', 'heapq', 'importlib._abc', 'importlib.util', 'msvcrt', 'pathlib', 'posixpath', 'queue', 'signal', 'subprocess', 'thonny.backend', 'thonny.plugins', 'thonny.plugins.cpython_backend', 'thonny.plugins.cpython_backend.cp_back', 'urllib', 'urllib.parse']
19:01:36.063 [MainThread] INFO    thonny: TIME/MODS 0.000 Before MainBackend 
19:01:36.063 [MainThread] INFO    thonny: TIME/MODS 0.000 After MainBackend 
19:01:36.066 [MainThread] INFO    thonny.backend: Loading plugins
19:01:36.066 [MainThread] INFO    thonny: TIME/MODS 0.003 Before loading plugins (+4 modules)
19:01:36.066 [MainThread] INFO    thonny: NEW MODS ['pkgutil', 'platform', 'pydoc', 'sysconfig']
19:01:36.066 [MainThread] INFO    thonny.common: Using THONNY_FRONTEND_SYS_PATH ['C:\\Users\\Alexandria Myers\\Documents\\GitHub\\PyBrowse\\thonny\\python310.zip', 'C:\\Users\\Alexandria Myers\\Documents\\GitHub\\PyBrowse\\thonny\\DLLs', 'C:\\Users\\Alexandria Myers\\Documents\\GitHub\\PyBrowse\\thonny\\lib', 'C:\\Users\\Alexandria Myers\\Documents\\GitHub\\PyBrowse\\thonny', 'C:\\Users\\Alexandria Myers\\Documents\\GitHub\\PyBrowse\\thonny\\lib\\site-packages', 'C:\\Users\\Alexandria Myers\\Documents\\GitHub\\PyBrowse\\thonny\\user_data\\plugins\\Python310\\site-packages']
19:01:36.067 [MainThread] INFO    thonny.backend: Loading plugin 'thonny.plugins.backend.birdseye_backend'
19:01:36.068 [MainThread] INFO    thonny.backend: Loading plugin 'thonny.plugins.backend.dock_user_windows_backend'
19:01:36.068 [MainThread] INFO    thonny.backend: Loading plugin 'thonny.plugins.backend.flask_backend'
19:01:36.068 [MainThread] INFO    thonny.backend: Loading plugin 'thonny.plugins.backend.matplotlib_backend'
19:01:36.069 [MainThread] INFO    thonny.backend: Loading plugin 'thonny.plugins.backend.pgzero_backend'
19:01:36.069 [MainThread] INFO    thonny: TIME/MODS 0.003 After loading plugins (+6 modules)
19:01:36.069 [MainThread] INFO    thonny: NEW MODS ['thonny.plugins.backend', 'thonny.plugins.backend.birdseye_backend', 'thonny.plugins.backend.dock_user_windows_backend', 'thonny.plugins.backend.flask_backend', 'thonny.plugins.backend.matplotlib_backend', 'thonny.plugins.backend.pgzero_backend']
19:01:36.072 [MainThread] INFO    thonny: TIME/MODS 0.003 Beginning of mainloop 
19:01:36.072 [MainThread] INFO    thonny: TIME/MODS 0.000 Sending message ToplevelResponse 
19:01:36.072 [MainThread] INFO    thonny.backend: Loading Jedi
19:01:36.072 [MainThread] INFO    thonny: TIME/MODS 0.000 Before loading Jedi 
19:01:36.072 [MainThread] INFO    thonny.common: Using THONNY_FRONTEND_SYS_PATH ['C:\\Users\\Alexandria Myers\\Documents\\GitHub\\PyBrowse\\thonny\\python310.zip', 'C:\\Users\\Alexandria Myers\\Documents\\GitHub\\PyBrowse\\thonny\\DLLs', 'C:\\Users\\Alexandria Myers\\Documents\\GitHub\\PyBrowse\\thonny\\lib', 'C:\\Users\\Alexandria Myers\\Documents\\GitHub\\PyBrowse\\thonny', 'C:\\Users\\Alexandria Myers\\Documents\\GitHub\\PyBrowse\\thonny\\lib\\site-packages', 'C:\\Users\\Alexandria Myers\\Documents\\GitHub\\PyBrowse\\thonny\\user_data\\plugins\\Python310\\site-packages']
19:01:36.134 [MainThread] INFO    thonny: TIME/MODS 0.062 After loading Jedi (+132 modules)
19:01:36.134 [MainThread] INFO    thonny: NEW MODS ['__future__', '_blake2', '_bz2', '_compat_pickle', '_compression', '_hashlib', '_json', '_lzma', '_pickle', '_socket', '_struct', 'binascii', 'bz2', 'difflib', 'filecmp', 'gc', 'hashlib', 'jedi', 'jedi._compatibility', 'jedi.api', 'jedi.api.classes', 'jedi.api.completion', 'jedi.api.completion_cache', 'jedi.api.environment', 'jedi.api.errors', 'jedi.api.exceptions', 'jedi.api.file_name', 'jedi.api.helpers', 'jedi.api.interpreter', 'jedi.api.keywords', 'jedi.api.project', 'jedi.api.refactoring', 'jedi.api.refactoring.extract', 'jedi.api.strings', 'jedi.cache', 'jedi.common', 'jedi.debug', 'jedi.file_io', 'jedi.inference', 'jedi.inference.analysis', 'jedi.inference.arguments', 'jedi.inference.base_value', 'jedi.inference.cache', 'jedi.inference.compiled', 'jedi.inference.compiled.access', 'jedi.inference.compiled.getattr_static', 'jedi.inference.compiled.mixed', 'jedi.inference.compiled.subprocess', 'jedi.inference.compiled.subprocess.functions', 'jedi.inference.compiled.value', 'jedi.inference.context', 'jedi.inference.docstring_utils', 'jedi.inference.docstrings', 'jedi.inference.filters', 'jedi.inference.flow_analysis', 'jedi.inference.gradual', 'jedi.inference.gradual.annotation', 'jedi.inference.gradual.base', 'jedi.inference.gradual.conversion', 'jedi.inference.gradual.generics', 'jedi.inference.gradual.stub_value', 'jedi.inference.gradual.type_var', 'jedi.inference.gradual.typeshed', 'jedi.inference.gradual.typing', 'jedi.inference.gradual.utils', 'jedi.inference.helpers', 'jedi.inference.imports', 'jedi.inference.lazy_value', 'jedi.inference.names', 'jedi.inference.param', 'jedi.inference.parser_cache', 'jedi.inference.recursion', 'jedi.inference.references', 'jedi.inference.signature', 'jedi.inference.syntax_tree', 'jedi.inference.sys_path', 'jedi.inference.utils', 'jedi.inference.value', 'jedi.inference.value.decorator', 'jedi.inference.value.dynamic_arrays', 'jedi.inference.value.function', 'jedi.inference.value.instance', 'jedi.inference.value.iterable', 'jedi.inference.value.klass', 'jedi.inference.value.module', 'jedi.inference.value.namespace', 'jedi.parser_utils', 'jedi.plugins', 'jedi.plugins.django', 'jedi.plugins.flask', 'jedi.plugins.pytest', 'jedi.plugins.registry', 'jedi.plugins.stdlib', 'jedi.settings', 'json', 'json.decoder', 'json.encoder', 'json.scanner', 'lzma', 'math', 'parso', 'parso._compatibility', 'parso.cache', 'parso.file_io', 'parso.grammar', 'parso.normalizer', 'parso.parser', 'parso.pgen2', 'parso.pgen2.generator', 'parso.pgen2.grammar_parser', 'parso.python', 'parso.python.diff', 'parso.python.errors', 'parso.python.parser', 'parso.python.pep8', 'parso.python.prefix', 'parso.python.token', 'parso.python.tokenize', 'parso.python.tree', 'parso.tree', 'parso.utils', 'pickle', 'pydoc_data', 'pydoc_data.topics', 'select', 'selectors', 'shutil', 'socket', 'struct', 'textwrap', 'zipfile', 'zlib']
